TN:
SF:week-3-middleware\app.js
FN:12,reqID
FN:18,log
FN:24,notFound
FN:33,setHeaders
FN:44,postReqContentTypeCheck
FN:61,errorHandler
FN:90,(anonymous_6)
FNF:7
FNH:5
FNDA:9,reqID
FNDA:9,log
FNDA:0,notFound
FNDA:9,setHeaders
FNDA:9,postReqContentTypeCheck
FNDA:6,errorHandler
FNDA:0,(anonymous_6)
DA:1,1
DA:2,1
DA:4,1
DA:5,1
DA:7,1
DA:9,1
DA:13,9
DA:14,9
DA:15,9
DA:19,9
DA:20,9
DA:21,9
DA:25,0
DA:29,0
DA:34,9
DA:39,9
DA:41,9
DA:45,9
DA:50,1
DA:51,1
DA:56,8
DA:58,8
DA:62,6
DA:63,6
DA:65,6
DA:66,5
DA:67,1
DA:68,1
DA:71,6
DA:77,1
DA:78,1
DA:79,1
DA:80,1
DA:81,1
DA:84,1
DA:86,1
DA:87,1
DA:89,1
DA:90,0
DA:91,0
DA:95,1
LF:41
LH:37
BRDA:45,0,0,1
BRDA:45,0,1,8
BRDA:46,1,0,9
BRDA:46,1,1,4
BRDA:46,1,2,1
BRDA:62,2,0,6
BRDA:62,2,1,1
BRDA:65,3,0,5
BRDA:65,3,1,1
BRDA:65,4,0,6
BRDA:65,4,1,6
BRDA:67,5,0,1
BRDA:67,5,1,0
BRDA:72,6,0,1
BRDA:72,6,1,5
BRDA:89,7,0,0
BRDA:89,7,1,1
BRF:17
BRH:15
end_of_record
TN:
SF:week-3-middleware\dogData.js
FNF:0
FNH:0
DA:1,1
LF:1
LH:1
BRF:0
BRH:0
end_of_record
TN:
SF:week-3-middleware\errors.js
FN:2,(anonymous_0)
FN:10,(anonymous_1)
FN:18,(anonymous_2)
FNF:3
FNH:2
FNDA:3,(anonymous_0)
FNDA:2,(anonymous_1)
FNDA:0,(anonymous_2)
DA:3,3
DA:4,3
DA:5,3
DA:11,2
DA:12,2
DA:13,2
DA:19,0
DA:20,0
DA:21,0
DA:25,1
LF:10
LH:7
BRF:0
BRH:0
end_of_record
TN:
SF:week-3-middleware\routes\dogs.js
FN:7,(anonymous_0)
FN:11,(anonymous_1)
FN:14,(anonymous_2)
FN:41,(anonymous_3)
FNF:4
FNH:4
FNDA:2,(anonymous_0)
FNDA:5,(anonymous_1)
FNDA:11,(anonymous_2)
FNDA:1,(anonymous_3)
DA:1,1
DA:2,1
DA:3,1
DA:5,1
DA:7,1
DA:8,2
DA:11,1
DA:12,5
DA:14,11
DA:16,5
DA:17,2
DA:18,3
DA:24,3
DA:26,0
DA:41,1
DA:42,1
DA:45,1
LF:17
LH:16
BRDA:16,0,0,2
BRDA:16,0,1,3
BRDA:18,1,0,3
BRDA:18,1,1,0
BRDA:19,2,0,3
BRDA:19,2,1,1
BRDA:19,2,2,0
BRDA:19,2,3,0
BRF:8
BRH:5
end_of_record
